Unity Editor version:    2020.3.18f1 (a7d1c678663c)
Branch:                  2020.3/staging
Build type:              Release
Batch mode:              YES
macOS version:           Version 12.1 (Build 21C52)
Darwin version:          21.2.0
Architecture:            x86_64
Running under Rosetta:   NO
Available memory:        16384 MB
Using pre-set license
Pro License: NO

COMMAND LINE ARGUMENTS:
/Users/hamiltongilbert/Documents/Unity/2020.3.18f1/Unity.app/Contents/MacOS/Unity
-adb2
-batchMode
-noUpm
-name
AssetImportWorker0
-projectPath
/Users/hamiltongilbert/Documents/GitHub/GameProduction/Set Dressing/Set Dressing
-logFile
Logs/AssetImportWorker0.log
-srvPort
49546
Successfully changed project path to: /Users/hamiltongilbert/Documents/GitHub/GameProduction/Set Dressing/Set Dressing
/Users/hamiltongilbert/Documents/GitHub/GameProduction/Set Dressing/Set Dressing
Using Asset Import Pipeline V2.
Refreshing native plugins compatible for Editor in 50.87 ms, found 2 plugins.
Preloading 0 native plugins for Editor in 0.00 ms.
Initialize engine version: 2020.3.18f1 (a7d1c678663c)
[Subsystems] Discovering subsystems at path /Users/hamiltongilbert/Documents/Unity/2020.3.18f1/Unity.app/Contents/Resources/UnitySubsystems
[Subsystems] Discovering subsystems at path /Users/hamiltongilbert/Documents/GitHub/GameProduction/Set Dressing/Set Dressing/Assets
GfxDevice: creating device client; threaded=0
2022-02-08 17:50:07.353 Unity[1168:15507] Color LCD preferred device: Intel(R) Iris(TM) Plus Graphics (low power)
2022-02-08 17:50:07.353 Unity[1168:15507] Metal devices available: 1
2022-02-08 17:50:07.353 Unity[1168:15507] 0: Intel(R) Iris(TM) Plus Graphics (low power)
2022-02-08 17:50:07.354 Unity[1168:15507] Using device Intel(R) Iris(TM) Plus Graphics (low power)
Initializing Metal device caps: Intel(R) Iris(TM) Plus Graphics
Initialize mono
Mono path[0] = '/Users/hamiltongilbert/Documents/Unity/2020.3.18f1/Unity.app/Contents/Managed'
Mono path[1] = '/Users/hamiltongilbert/Documents/Unity/2020.3.18f1/Unity.app/Contents/MonoBleedingEdge/lib/mono/unityjit'
Mono config path = '/Users/hamiltongilbert/Documents/Unity/2020.3.18f1/Unity.app/Contents/MonoBleedingEdge/etc'
Using monoOptions --debugger-agent=transport=dt_socket,embedding=1,server=y,suspend=n,address=127.0.0.1:56168
Begin MonoManager ReloadAssembly
Registering precompiled unity dll's ...
Register platform support module: /Users/hamiltongilbert/Documents/Unity/2020.3.18f1/PlaybackEngines/WebGLSupport/UnityEditor.WebGL.Extensions.dll
Register platform support module: /Users/hamiltongilbert/Documents/Unity/2020.3.18f1/Unity.app/Contents/PlaybackEngines/MacStandaloneSupport/UnityEditor.OSXStandalone.Extensions.dll
Register platform support module: /Users/hamiltongilbert/Documents/Unity/2020.3.18f1/PlaybackEngines/WindowsStandaloneSupport/UnityEditor.WindowsStandalone.Extensions.dll
Registered in 0.000964 seconds.
Native extension for WindowsStandalone target not found
Native extension for OSXStandalone target not found
Native extension for WebGL target not found
Refreshing native plugins compatible for Editor in 52.78 ms, found 2 plugins.
Preloading 0 native plugins for Editor in 0.00 ms.
Mono: successfully reloaded assembly
- Completed reload, in  2.196 seconds
Domain Reload Profiling:
	ReloadAssembly (2196ms)
		BeginReloadAssembly (45ms)
			ExecutionOrderSort (0ms)
			DisableScriptedObjects (0ms)
			BackupInstance (0ms)
			ReleaseScriptingObjects (0ms)
			CreateAndSetChildDomain (1ms)
		EndReloadAssembly (538ms)
			LoadAssemblies (44ms)
			RebuildTransferFunctionScriptingTraits (0ms)
			SetupTypeCache (185ms)
			ReleaseScriptCaches (0ms)
			RebuildScriptCaches (47ms)
			SetupLoadedEditorAssemblies (245ms)
				LogAssemblyErrors (0ms)
				InitializePlatformSupportModulesInManaged (6ms)
				SetLoadedEditorAssemblies (1ms)
				RefreshPlugins (53ms)
				BeforeProcessingInitializeOnLoad (37ms)
				ProcessInitializeOnLoadAttributes (114ms)
				ProcessInitializeOnLoadMethodAttributes (33ms)
				AfterProcessingInitializeOnLoad (0ms)
				EditorAssembliesLoaded (0ms)
			ExecutionOrderSort2 (0ms)
			AwakeInstancesAfterBackupRestoration (0ms)
Platform modules already initialized, skipping
Registering precompiled user dll's ...
Registered in 0.001785 seconds.
Begin MonoManager ReloadAssembly
Native extension for WindowsStandalone target not found
Native extension for OSXStandalone target not found
Native extension for WebGL target not found
Refreshing native plugins compatible for Editor in 0.49 ms, found 2 plugins.
Preloading 0 native plugins for Editor in 0.00 ms.
Mono: successfully reloaded assembly
- Completed reload, in  1.784 seconds
Domain Reload Profiling:
	ReloadAssembly (1785ms)
		BeginReloadAssembly (256ms)
			ExecutionOrderSort (0ms)
			DisableScriptedObjects (7ms)
			BackupInstance (0ms)
			ReleaseScriptingObjects (0ms)
			CreateAndSetChildDomain (40ms)
		EndReloadAssembly (1423ms)
			LoadAssemblies (144ms)
			RebuildTransferFunctionScriptingTraits (0ms)
			SetupTypeCache (525ms)
			ReleaseScriptCaches (1ms)
			RebuildScriptCaches (119ms)
			SetupLoadedEditorAssemblies (479ms)
				LogAssemblyErrors (0ms)
				InitializePlatformSupportModulesInManaged (9ms)
				SetLoadedEditorAssemblies (1ms)
				RefreshPlugins (1ms)
				BeforeProcessingInitializeOnLoad (95ms)
				ProcessInitializeOnLoadAttributes (367ms)
				ProcessInitializeOnLoadMethodAttributes (5ms)
				AfterProcessingInitializeOnLoad (2ms)
				EditorAssembliesLoaded (0ms)
			ExecutionOrderSort2 (0ms)
			AwakeInstancesAfterBackupRestoration (9ms)
Platform modules already initialized, skipping
Validating Project structure ... 0.004191 seconds.
Shader import version has changed; will reimport all shaders...
Upgrading shader files ...0.004908 seconds.
Application.AssetDatabase Initial Script Refresh Start
RefreshInfo: InitialScriptRefreshV2(NoUpdateAssetOptions) scanfilter:  ... 1 filters
RefreshProfiler: Total: 0.000ms
Application.AssetDatabase Initial Script Refresh End
Application.AssetDatabase.Refresh Start
Application.AssetDatabase.Refresh End
RefreshInfo: StopAssetImportingV2(ForceSynchronousImport) scanfilter: 
RefreshProfiler: Total: 0.000ms
Launching external process: /Users/hamiltongilbert/Documents/Unity/2020.3.18f1/Unity.app/Contents/Tools/UnityShaderCompiler
Launched and connected shader compiler UnityShaderCompiler after 0.01 seconds
Initializing Unity extensions:
2022-02-08 17:50:12.285 Unity[1168:15507] NSEventModifierFlagFunction specified to -setKeyEquivalentModifierMask: for item <NSMenuItem: 0x600001bb59d0 Font Asset, ke='Command-F12'>, but is only supported for system-provided menu items; will not be used
2022-02-08 17:50:12.289 Unity[1168:15507] NSEventModifierFlagFunction specified to -setKeyEquivalentModifierMask: for item <NSMenuItem: 0x600001bca6f0 Font Asset, ke='Command-F12'>, but is only supported for system-provided menu items; will not be used
========================================================================
Worker process is ready to serve import requests
Refreshing native plugins compatible for Editor in 0.41 ms, found 2 plugins.
Preloading 0 native plugins for Editor in 0.00 ms.
Unloading 1805 Unused Serialized files (Serialized files now loaded: 0)
System memory in use before: 185.0 MB.
System memory in use after: 184.1 MB.

Unloading 95 unused Assets to reduce memory usage. Loaded Objects now: 2280.
Total: 3.409552 ms (FindLiveObjects: 0.196729 ms CreateObjectMapping: 0.052062 ms MarkObjects: 2.599465 ms  DeleteObjects: 0.560384 ms)

AssetImportParameters requested are different than current active one (requested -> active):
  custom:video-decoder-ogg-theora: a1e56fd34408186e4bbccfd4996cb3dc -> 
  custom:container-muxer-webm: aa71ff27fc2769a1b78a27578f13a17b -> 
  custom:container-demuxer-webm: 4f35f7cbe854078d1ac9338744f61a02 -> 
  custom:container-demuxer-ogg: 62fdf1f143b41e24485cea50d1cbac27 -> 
  custom:video-encoder-webm-vp8: eb34c28f22e8b96e1ab97ce403110664 -> 
  custom:framework-osx-AVFoundation: e770b220cccbd017edd2c1fefb359320 -> 
  custom:video-decoder-webm-vp8: 9c59270c3fd7afecdb556c50c9e8de78 -> 
  custom:audio-decoder-ogg-vorbis: bf7c407c2cedff20999df2af8eb42d56 -> 
  custom:audio-encoder-webm-vorbis: bf7c407c2cedff20999df2af8eb42d56 -> 
========================================================================
Received Import Request.
  path: Assets/New Material 3.mat
  artifactKey: Guid(17d39c1df2416444594d65bbb5f101e9) Importer(815301076,1909f56bfc062723c751e8b465ee728b)
Start importing Assets/New Material 3.mat using Guid(17d39c1df2416444594d65bbb5f101e9) Importer(815301076,1909f56bfc062723c751e8b465ee728b)  -> (artifact id: '684f33331da1f7faf07373185c942bad') in 1.006454 seconds 
  Import took 1.009216 seconds .

========================================================================
Received Import Request.
  Time since last request: 22.291929 seconds.
  path: Assets/New Material 4.mat
  artifactKey: Guid(284664f0e197a433681f3d1c93f6a48c) Importer(815301076,1909f56bfc062723c751e8b465ee728b)
Start importing Assets/New Material 4.mat using Guid(284664f0e197a433681f3d1c93f6a48c) Importer(815301076,1909f56bfc062723c751e8b465ee728b)  -> (artifact id: '35d2f867332a12712331ecddfdc76400') in 0.019208 seconds 
  Import took 0.025076 seconds .

========================================================================
Received Prepare
Registering precompiled user dll's ...
Registered in 0.001186 seconds.
Begin MonoManager ReloadAssembly
Native extension for WindowsStandalone target not found
Native extension for OSXStandalone target not found
Native extension for WebGL target not found
Refreshing native plugins compatible for Editor in 0.35 ms, found 2 plugins.
Preloading 0 native plugins for Editor in 0.00 ms.
2022-02-08 17:52:39.365 Unity[1168:15507] NSEventModifierFlagFunction specified to -setKeyEquivalentModifierMask: for item <NSMenuItem: 0x600001ba5110 Font Asset, ke='Command-F12'>, but is only supported for system-provided menu items; will not be used
Mono: successfully reloaded assembly
- Completed reload, in  1.179 seconds
Domain Reload Profiling:
	ReloadAssembly (1179ms)
		BeginReloadAssembly (144ms)
			ExecutionOrderSort (0ms)
			DisableScriptedObjects (5ms)
			BackupInstance (0ms)
			ReleaseScriptingObjects (0ms)
			CreateAndSetChildDomain (59ms)
		EndReloadAssembly (968ms)
			LoadAssemblies (84ms)
			RebuildTransferFunctionScriptingTraits (0ms)
			SetupTypeCache (321ms)
			ReleaseScriptCaches (1ms)
			RebuildScriptCaches (55ms)
			SetupLoadedEditorAssemblies (389ms)
				LogAssemblyErrors (0ms)
				InitializePlatformSupportModulesInManaged (7ms)
				SetLoadedEditorAssemblies (0ms)
				RefreshPlugins (0ms)
				BeforeProcessingInitializeOnLoad (125ms)
				ProcessInitializeOnLoadAttributes (250ms)
				ProcessInitializeOnLoadMethodAttributes (4ms)
				AfterProcessingInitializeOnLoad (1ms)
				EditorAssembliesLoaded (0ms)
			ExecutionOrderSort2 (0ms)
			AwakeInstancesAfterBackupRestoration (8ms)
Platform modules already initialized, skipping
Refreshing native plugins compatible for Editor in 0.39 ms, found 2 plugins.
Preloading 0 native plugins for Editor in 0.00 ms.
Unloading 1777 Unused Serialized files (Serialized files now loaded: 0)
System memory in use before: 185.6 MB.
System memory in use after: 185.6 MB.

Unloading 15 unused Assets to reduce memory usage. Loaded Objects now: 2322.
Total: 3.783691 ms (FindLiveObjects: 0.450819 ms CreateObjectMapping: 0.173807 ms MarkObjects: 3.007594 ms  DeleteObjects: 0.149873 ms)

AssetImportParameters requested are different than current active one (requested -> active):
  custom:video-decoder-ogg-theora: a1e56fd34408186e4bbccfd4996cb3dc -> 
  custom:container-muxer-webm: aa71ff27fc2769a1b78a27578f13a17b -> 
  custom:container-demuxer-webm: 4f35f7cbe854078d1ac9338744f61a02 -> 
  custom:container-demuxer-ogg: 62fdf1f143b41e24485cea50d1cbac27 -> 
  custom:video-encoder-webm-vp8: eb34c28f22e8b96e1ab97ce403110664 -> 
  custom:framework-osx-AVFoundation: e770b220cccbd017edd2c1fefb359320 -> 
  custom:video-decoder-webm-vp8: 9c59270c3fd7afecdb556c50c9e8de78 -> 
  custom:audio-decoder-ogg-vorbis: bf7c407c2cedff20999df2af8eb42d56 -> 
  custom:audio-encoder-webm-vorbis: bf7c407c2cedff20999df2af8eb42d56 -> 
========================================================================
Received Import Request.
  Time since last request: 124.059335 seconds.
  path: Assets/New Material 4.mat
  artifactKey: Guid(284664f0e197a433681f3d1c93f6a48c) Importer(815301076,1909f56bfc062723c751e8b465ee728b)
Start importing Assets/New Material 4.mat using Guid(284664f0e197a433681f3d1c93f6a48c) Importer(815301076,1909f56bfc062723c751e8b465ee728b)  -> (artifact id: '03c052915addc1a2e141f2293a0caa65') in 0.081503 seconds 
  Import took 0.084595 seconds .

========================================================================
Received Import Request.
  Time since last request: 0.000302 seconds.
  path: Assets/New Material 3.mat
  artifactKey: Guid(17d39c1df2416444594d65bbb5f101e9) Importer(815301076,1909f56bfc062723c751e8b465ee728b)
Start importing Assets/New Material 3.mat using Guid(17d39c1df2416444594d65bbb5f101e9) Importer(815301076,1909f56bfc062723c751e8b465ee728b)  -> (artifact id: '28b07301def2e340e95bd4d262fe7fa3') in 0.011947 seconds 
  Import took 0.014909 seconds .

