Unity Editor version:    2020.3.18f1 (a7d1c678663c)
Branch:                  2020.3/staging
Build type:              Release
Batch mode:              YES
macOS version:           Version 12.1 (Build 21C52)
Darwin version:          21.2.0
Architecture:            x86_64
Running under Rosetta:   NO
Available memory:        16384 MB
Using pre-set license
Pro License: NO

COMMAND LINE ARGUMENTS:
/Users/hamiltongilbert/Documents/Unity/2020.3.18f1/Unity.app/Contents/MacOS/Unity
-adb2
-batchMode
-noUpm
-name
AssetImportWorker0
-projectPath
/Users/hamiltongilbert/Documents/GitHub/GameProduction/Level Blocking Remake
-logFile
Logs/AssetImportWorker0.log
-srvPort
53861
Successfully changed project path to: /Users/hamiltongilbert/Documents/GitHub/GameProduction/Level Blocking Remake
/Users/hamiltongilbert/Documents/GitHub/GameProduction/Level Blocking Remake
Using Asset Import Pipeline V2.
Refreshing native plugins compatible for Editor in 71.10 ms, found 2 plugins.
Preloading 0 native plugins for Editor in 0.00 ms.
Initialize engine version: 2020.3.18f1 (a7d1c678663c)
[Subsystems] Discovering subsystems at path /Users/hamiltongilbert/Documents/Unity/2020.3.18f1/Unity.app/Contents/Resources/UnitySubsystems
[Subsystems] Discovering subsystems at path /Users/hamiltongilbert/Documents/GitHub/GameProduction/Level Blocking Remake/Assets
GfxDevice: creating device client; threaded=0
2022-01-28 11:47:26.586 Unity[7217:275396] Color LCD preferred device: Intel(R) Iris(TM) Plus Graphics (low power)
2022-01-28 11:47:26.586 Unity[7217:275396] Metal devices available: 1
2022-01-28 11:47:26.586 Unity[7217:275396] 0: Intel(R) Iris(TM) Plus Graphics (low power)
2022-01-28 11:47:26.586 Unity[7217:275396] Using device Intel(R) Iris(TM) Plus Graphics (low power)
Initializing Metal device caps: Intel(R) Iris(TM) Plus Graphics
Initialize mono
Mono path[0] = '/Users/hamiltongilbert/Documents/Unity/2020.3.18f1/Unity.app/Contents/Managed'
Mono path[1] = '/Users/hamiltongilbert/Documents/Unity/2020.3.18f1/Unity.app/Contents/MonoBleedingEdge/lib/mono/unityjit'
Mono config path = '/Users/hamiltongilbert/Documents/Unity/2020.3.18f1/Unity.app/Contents/MonoBleedingEdge/etc'
Using monoOptions --debugger-agent=transport=dt_socket,embedding=1,server=y,suspend=n,address=127.0.0.1:56217
Begin MonoManager ReloadAssembly
Registering precompiled unity dll's ...
Register platform support module: /Users/hamiltongilbert/Documents/Unity/2020.3.18f1/PlaybackEngines/WebGLSupport/UnityEditor.WebGL.Extensions.dll
Register platform support module: /Users/hamiltongilbert/Documents/Unity/2020.3.18f1/Unity.app/Contents/PlaybackEngines/MacStandaloneSupport/UnityEditor.OSXStandalone.Extensions.dll
Register platform support module: /Users/hamiltongilbert/Documents/Unity/2020.3.18f1/PlaybackEngines/WindowsStandaloneSupport/UnityEditor.WindowsStandalone.Extensions.dll
Registered in 0.001106 seconds.
Native extension for WindowsStandalone target not found
Native extension for OSXStandalone target not found
Native extension for WebGL target not found
Refreshing native plugins compatible for Editor in 47.71 ms, found 2 plugins.
Preloading 0 native plugins for Editor in 0.00 ms.
Mono: successfully reloaded assembly
- Completed reload, in  3.188 seconds
Domain Reload Profiling:
	ReloadAssembly (3188ms)
		BeginReloadAssembly (67ms)
			ExecutionOrderSort (0ms)
			DisableScriptedObjects (0ms)
			BackupInstance (0ms)
			ReleaseScriptingObjects (0ms)
			CreateAndSetChildDomain (1ms)
		EndReloadAssembly (679ms)
			LoadAssemblies (66ms)
			RebuildTransferFunctionScriptingTraits (0ms)
			SetupTypeCache (260ms)
			ReleaseScriptCaches (0ms)
			RebuildScriptCaches (51ms)
			SetupLoadedEditorAssemblies (287ms)
				LogAssemblyErrors (0ms)
				InitializePlatformSupportModulesInManaged (6ms)
				SetLoadedEditorAssemblies (0ms)
				RefreshPlugins (48ms)
				BeforeProcessingInitializeOnLoad (44ms)
				ProcessInitializeOnLoadAttributes (147ms)
				ProcessInitializeOnLoadMethodAttributes (41ms)
				AfterProcessingInitializeOnLoad (0ms)
				EditorAssembliesLoaded (0ms)
			ExecutionOrderSort2 (0ms)
			AwakeInstancesAfterBackupRestoration (0ms)
Platform modules already initialized, skipping
Registering precompiled user dll's ...
Registered in 0.001658 seconds.
Begin MonoManager ReloadAssembly
Native extension for WindowsStandalone target not found
Native extension for OSXStandalone target not found
Native extension for WebGL target not found
Refreshing native plugins compatible for Editor in 0.65 ms, found 2 plugins.
Preloading 0 native plugins for Editor in 0.00 ms.
Mono: successfully reloaded assembly
- Completed reload, in  1.682 seconds
Domain Reload Profiling:
	ReloadAssembly (1683ms)
		BeginReloadAssembly (233ms)
			ExecutionOrderSort (0ms)
			DisableScriptedObjects (8ms)
			BackupInstance (0ms)
			ReleaseScriptingObjects (0ms)
			CreateAndSetChildDomain (30ms)
		EndReloadAssembly (1350ms)
			LoadAssemblies (121ms)
			RebuildTransferFunctionScriptingTraits (0ms)
			SetupTypeCache (427ms)
			ReleaseScriptCaches (0ms)
			RebuildScriptCaches (85ms)
			SetupLoadedEditorAssemblies (560ms)
				LogAssemblyErrors (0ms)
				InitializePlatformSupportModulesInManaged (10ms)
				SetLoadedEditorAssemblies (1ms)
				RefreshPlugins (1ms)
				BeforeProcessingInitializeOnLoad (121ms)
				ProcessInitializeOnLoadAttributes (418ms)
				ProcessInitializeOnLoadMethodAttributes (6ms)
				AfterProcessingInitializeOnLoad (2ms)
				EditorAssembliesLoaded (0ms)
			ExecutionOrderSort2 (0ms)
			AwakeInstancesAfterBackupRestoration (10ms)
Platform modules already initialized, skipping
Validating Project structure ... 0.003490 seconds.
Shader import version has changed; will reimport all shaders...
Upgrading shader files ...0.004706 seconds.
Application.AssetDatabase Initial Script Refresh Start
RefreshInfo: InitialScriptRefreshV2(NoUpdateAssetOptions) scanfilter:  ... 1 filters
RefreshProfiler: Total: 0.000ms
Application.AssetDatabase Initial Script Refresh End
Application.AssetDatabase.Refresh Start
Application.AssetDatabase.Refresh End
RefreshInfo: StopAssetImportingV2(ForceSynchronousImport) scanfilter: 
RefreshProfiler: Total: 0.000ms
Launching external process: /Users/hamiltongilbert/Documents/Unity/2020.3.18f1/Unity.app/Contents/Tools/UnityShaderCompiler
Launched and connected shader compiler UnityShaderCompiler after 0.02 seconds
Initializing Unity extensions:
[C# Project] Writing /Users/hamiltongilbert/Documents/GitHub/GameProduction/Level Blocking Remake/Level Blocking Remake.sln because it has changed
[C# Project] First difference on line 2

[C# Project] Current /Users/hamiltongilbert/Documents/GitHub/GameProduction/Level Blocking Remake/Level Blocking Remake.sln:
[C# Project]   002: Microsoft Visual Studio Solution File, Format Version 11.00
[C# Project]   003: # Visual Studio 2010
[C# Project]   004: Project("{FAE04EC0-301F-11D3-BF4B-00C04F79EFBC}") = "UnityEngine.TestRunner", "UnityEngine.TestRunner.csproj", "{247D5656-95D8-DC96-64D7-1EAD5E49D361}"
[C# Project]   005: EndProject
[C# Project]   006: Project("{FAE04EC0-301F-11D3-BF4B-00C04F79EFBC}") = "Unity.Timeline", "Unity.Timeline.csproj", "{932E51BC-A74E-0E71-CDC0-CE8379869D12}"

[C# Project] New /Users/hamiltongilbert/Documents/GitHub/GameProduction/Level Blocking Remake/Level Blocking Remake.sln:
[C# Project]   002: Microsoft Visual Studio Solution File, Format Version 12.00
[C# Project]   003: # Visual Studio 15
[C# Project]   004: Project("{FAE04EC0-301F-11D3-BF4B-00C04F79EFBC}") = "UnityEngine.TestRunner", "UnityEngine.TestRunner.csproj", "{247D5656-95D8-DC96-64D7-1EAD5E49D361}"
[C# Project]   005: EndProject
[C# Project]   006: Project("{FAE04EC0-301F-11D3-BF4B-00C04F79EFBC}") = "Assembly-CSharp", "Assembly-CSharp.csproj", "{9269B030-A1A1-175D-22B1-B2B2817D1CDE}"
[C# Project] Writing /Users/hamiltongilbert/Documents/GitHub/GameProduction/Level Blocking Remake/UnityEngine.TestRunner.csproj because it has changed
[C# Project] First difference on line 5

[C# Project] Current /Users/hamiltongilbert/Documents/GitHub/GameProduction/Level Blocking Remake/UnityEngine.TestRunner.csproj:
[C# Project]   005:     <CscToolPath>/Users/hamiltongilbert/Documents/Unity/2020.3.18f1/Unity.app/Contents/Tools/RoslynScripts</CscToolPath>
[C# Project]   006:     <CscToolExe>unity_csc.sh</CscToolExe>
[C# Project]   007:   </PropertyGroup>
[C# Project]   008:   <PropertyGroup>
[C# Project]   009:     <Configuration Condition=" '$(Configuration)' == '' ">Debug</Configuration>

[C# Project] New /Users/hamiltongilbert/Documents/GitHub/GameProduction/Level Blocking Remake/UnityEngine.TestRunner.csproj:
[C# Project]   005:   </PropertyGroup>
[C# Project]   006:   <PropertyGroup>
[C# Project]   007:     <Configuration Condition=" '$(Configuration)' == '' ">Debug</Configuration>
[C# Project]   008:     <Platform Condition=" '$(Platform)' == '' ">AnyCPU</Platform>
[C# Project]   009:     <ProductVersion>10.0.20506</ProductVersion>
[C# Project] Writing /Users/hamiltongilbert/Documents/GitHub/GameProduction/Level Blocking Remake/Assembly-CSharp.csproj because it has changed
[C# Project] First difference on line 5

[C# Project] Current /Users/hamiltongilbert/Documents/GitHub/GameProduction/Level Blocking Remake/Assembly-CSharp.csproj:
[C# Project]   005:     <CscToolPath>/Users/hamiltongilbert/Documents/Unity/2020.3.18f1/Unity.app/Contents/Tools/RoslynScripts</CscToolPath>
[C# Project]   006:     <CscToolExe>unity_csc.sh</CscToolExe>
[C# Project]   007:   </PropertyGroup>
[C# Project]   008:   <PropertyGroup>
[C# Project]   009:     <Configuration Condition=" '$(Configuration)' == '' ">Debug</Configuration>

[C# Project] New /Users/hamiltongilbert/Documents/GitHub/GameProduction/Level Blocking Remake/Assembly-CSharp.csproj:
[C# Project]   005:   </PropertyGroup>
[C# Project]   006:   <PropertyGroup>
[C# Project]   007:     <Configuration Condition=" '$(Configuration)' == '' ">Debug</Configuration>
[C# Project]   008:     <Platform Condition=" '$(Platform)' == '' ">AnyCPU</Platform>
[C# Project]   009:     <ProductVersion>10.0.20506</ProductVersion>
[C# Project] Writing /Users/hamiltongilbert/Documents/GitHub/GameProduction/Level Blocking Remake/Unity.Timeline.csproj because it has changed
[C# Project] First difference on line 5

[C# Project] Current /Users/hamiltongilbert/Documents/GitHub/GameProduction/Level Blocking Remake/Unity.Timeline.csproj:
[C# Project]   005:     <CscToolPath>/Users/hamiltongilbert/Documents/Unity/2020.3.18f1/Unity.app/Contents/Tools/RoslynScripts</CscToolPath>
[C# Project]   006:     <CscToolExe>unity_csc.sh</CscToolExe>
[C# Project]   007:   </PropertyGroup>
[C# Project]   008:   <PropertyGroup>
[C# Project]   009:     <Configuration Condition=" '$(Configuration)' == '' ">Debug</Configuration>

[C# Project] New /Users/hamiltongilbert/Documents/GitHub/GameProduction/Level Blocking Remake/Unity.Timeline.csproj:
[C# Project]   005:   </PropertyGroup>
[C# Project]   006:   <PropertyGroup>
[C# Project]   007:     <Configuration Condition=" '$(Configuration)' == '' ">Debug</Configuration>
[C# Project]   008:     <Platform Condition=" '$(Platform)' == '' ">AnyCPU</Platform>
[C# Project]   009:     <ProductVersion>10.0.20506</ProductVersion>
[C# Project] Writing /Users/hamiltongilbert/Documents/GitHub/GameProduction/Level Blocking Remake/UnityEngine.UI.csproj because it has changed
[C# Project] First difference on line 5

[C# Project] Current /Users/hamiltongilbert/Documents/GitHub/GameProduction/Level Blocking Remake/UnityEngine.UI.csproj:
[C# Project]   005:     <CscToolPath>/Users/hamiltongilbert/Documents/Unity/2020.3.18f1/Unity.app/Contents/Tools/RoslynScripts</CscToolPath>
[C# Project]   006:     <CscToolExe>unity_csc.sh</CscToolExe>
[C# Project]   007:   </PropertyGroup>
[C# Project]   008:   <PropertyGroup>
[C# Project]   009:     <Configuration Condition=" '$(Configuration)' == '' ">Debug</Configuration>

[C# Project] New /Users/hamiltongilbert/Documents/GitHub/GameProduction/Level Blocking Remake/UnityEngine.UI.csproj:
[C# Project]   005:   </PropertyGroup>
[C# Project]   006:   <PropertyGroup>
[C# Project]   007:     <Configuration Condition=" '$(Configuration)' == '' ">Debug</Configuration>
[C# Project]   008:     <Platform Condition=" '$(Platform)' == '' ">AnyCPU</Platform>
[C# Project]   009:     <ProductVersion>10.0.20506</ProductVersion>
[C# Project] Writing /Users/hamiltongilbert/Documents/GitHub/GameProduction/Level Blocking Remake/Unity.ProBuilder.csproj because it has changed
[C# Project] First difference on line 5

[C# Project] Current /Users/hamiltongilbert/Documents/GitHub/GameProduction/Level Blocking Remake/Unity.ProBuilder.csproj:
[C# Project]   005:     <CscToolPath>/Users/hamiltongilbert/Documents/Unity/2020.3.18f1/Unity.app/Contents/Tools/RoslynScripts</CscToolPath>
[C# Project]   006:     <CscToolExe>unity_csc.sh</CscToolExe>
[C# Project]   007:   </PropertyGroup>
[C# Project]   008:   <PropertyGroup>
[C# Project]   009:     <Configuration Condition=" '$(Configuration)' == '' ">Debug</Configuration>

[C# Project] New /Users/hamiltongilbert/Documents/GitHub/GameProduction/Level Blocking Remake/Unity.ProBuilder.csproj:
[C# Project]   005:   </PropertyGroup>
[C# Project]   006:   <PropertyGroup>
[C# Project]   007:     <Configuration Condition=" '$(Configuration)' == '' ">Debug</Configuration>
[C# Project]   008:     <Platform Condition=" '$(Platform)' == '' ">AnyCPU</Platform>
[C# Project]   009:     <ProductVersion>10.0.20506</ProductVersion>
[C# Project] Writing /Users/hamiltongilbert/Documents/GitHub/GameProduction/Level Blocking Remake/Unity.TextMeshPro.csproj because it has changed
[C# Project] First difference on line 5

[C# Project] Current /Users/hamiltongilbert/Documents/GitHub/GameProduction/Level Blocking Remake/Unity.TextMeshPro.csproj:
[C# Project]   005:     <CscToolPath>/Users/hamiltongilbert/Documents/Unity/2020.3.18f1/Unity.app/Contents/Tools/RoslynScripts</CscToolPath>
[C# Project]   006:     <CscToolExe>unity_csc.sh</CscToolExe>
[C# Project]   007:   </PropertyGroup>
[C# Project]   008:   <PropertyGroup>
[C# Project]   009:     <Configuration Condition=" '$(Configuration)' == '' ">Debug</Configuration>

[C# Project] New /Users/hamiltongilbert/Documents/GitHub/GameProduction/Level Blocking Remake/Unity.TextMeshPro.csproj:
[C# Project]   005:   </PropertyGroup>
[C# Project]   006:   <PropertyGroup>
[C# Project]   007:     <Configuration Condition=" '$(Configuration)' == '' ">Debug</Configuration>
[C# Project]   008:     <Platform Condition=" '$(Platform)' == '' ">AnyCPU</Platform>
[C# Project]   009:     <ProductVersion>10.0.20506</ProductVersion>
[C# Project] Writing /Users/hamiltongilbert/Documents/GitHub/GameProduction/Level Blocking Remake/Unity.ProBuilder.Poly2Tri.csproj because it has changed
[C# Project] First difference on line 5

[C# Project] Current /Users/hamiltongilbert/Documents/GitHub/GameProduction/Level Blocking Remake/Unity.ProBuilder.Poly2Tri.csproj:
[C# Project]   005:     <CscToolPath>/Users/hamiltongilbert/Documents/Unity/2020.3.18f1/Unity.app/Contents/Tools/RoslynScripts</CscToolPath>
[C# Project]   006:     <CscToolExe>unity_csc.sh</CscToolExe>
[C# Project]   007:   </PropertyGroup>
[C# Project]   008:   <PropertyGroup>
[C# Project]   009:     <Configuration Condition=" '$(Configuration)' == '' ">Debug</Configuration>

[C# Project] New /Users/hamiltongilbert/Documents/GitHub/GameProduction/Level Blocking Remake/Unity.ProBuilder.Poly2Tri.csproj:
[C# Project]   005:   </PropertyGroup>
[C# Project]   006:   <PropertyGroup>
[C# Project]   007:     <Configuration Condition=" '$(Configuration)' == '' ">Debug</Configuration>
[C# Project]   008:     <Platform Condition=" '$(Platform)' == '' ">AnyCPU</Platform>
[C# Project]   009:     <ProductVersion>10.0.20506</ProductVersion>
[C# Project] Writing /Users/hamiltongilbert/Documents/GitHub/GameProduction/Level Blocking Remake/Unity.ProGrids.csproj because it has changed
[C# Project] First difference on line 5

[C# Project] Current /Users/hamiltongilbert/Documents/GitHub/GameProduction/Level Blocking Remake/Unity.ProGrids.csproj:
[C# Project]   005:     <CscToolPath>/Users/hamiltongilbert/Documents/Unity/2020.3.18f1/Unity.app/Contents/Tools/RoslynScripts</CscToolPath>
[C# Project]   006:     <CscToolExe>unity_csc.sh</CscToolExe>
[C# Project]   007:   </PropertyGroup>
[C# Project]   008:   <PropertyGroup>
[C# Project]   009:     <Configuration Condition=" '$(Configuration)' == '' ">Debug</Configuration>

[C# Project] New /Users/hamiltongilbert/Documents/GitHub/GameProduction/Level Blocking Remake/Unity.ProGrids.csproj:
[C# Project]   005:   </PropertyGroup>
[C# Project]   006:   <PropertyGroup>
[C# Project]   007:     <Configuration Condition=" '$(Configuration)' == '' ">Debug</Configuration>
[C# Project]   008:     <Platform Condition=" '$(Platform)' == '' ">AnyCPU</Platform>
[C# Project]   009:     <ProductVersion>10.0.20506</ProductVersion>
[C# Project] Writing /Users/hamiltongilbert/Documents/GitHub/GameProduction/Level Blocking Remake/Unity.ProBuilder.Csg.csproj because it has changed
[C# Project] First difference on line 5

[C# Project] Current /Users/hamiltongilbert/Documents/GitHub/GameProduction/Level Blocking Remake/Unity.ProBuilder.Csg.csproj:
[C# Project]   005:     <CscToolPath>/Users/hamiltongilbert/Documents/Unity/2020.3.18f1/Unity.app/Contents/Tools/RoslynScripts</CscToolPath>
[C# Project]   006:     <CscToolExe>unity_csc.sh</CscToolExe>
[C# Project]   007:   </PropertyGroup>
[C# Project]   008:   <PropertyGroup>
[C# Project]   009:     <Configuration Condition=" '$(Configuration)' == '' ">Debug</Configuration>

[C# Project] New /Users/hamiltongilbert/Documents/GitHub/GameProduction/Level Blocking Remake/Unity.ProBuilder.Csg.csproj:
[C# Project]   005:   </PropertyGroup>
[C# Project]   006:   <PropertyGroup>
[C# Project]   007:     <Configuration Condition=" '$(Configuration)' == '' ">Debug</Configuration>
[C# Project]   008:     <Platform Condition=" '$(Platform)' == '' ">AnyCPU</Platform>
[C# Project]   009:     <ProductVersion>10.0.20506</ProductVersion>
[C# Project] Writing /Users/hamiltongilbert/Documents/GitHub/GameProduction/Level Blocking Remake/Unity.ProBuilder.KdTree.csproj because it has changed
[C# Project] First difference on line 5

[C# Project] Current /Users/hamiltongilbert/Documents/GitHub/GameProduction/Level Blocking Remake/Unity.ProBuilder.KdTree.csproj:
[C# Project]   005:     <CscToolPath>/Users/hamiltongilbert/Documents/Unity/2020.3.18f1/Unity.app/Contents/Tools/RoslynScripts</CscToolPath>
[C# Project]   006:     <CscToolExe>unity_csc.sh</CscToolExe>
[C# Project]   007:   </PropertyGroup>
[C# Project]   008:   <PropertyGroup>
[C# Project]   009:     <Configuration Condition=" '$(Configuration)' == '' ">Debug</Configuration>

[C# Project] New /Users/hamiltongilbert/Documents/GitHub/GameProduction/Level Blocking Remake/Unity.ProBuilder.KdTree.csproj:
[C# Project]   005:   </PropertyGroup>
[C# Project]   006:   <PropertyGroup>
[C# Project]   007:     <Configuration Condition=" '$(Configuration)' == '' ">Debug</Configuration>
[C# Project]   008:     <Platform Condition=" '$(Platform)' == '' ">AnyCPU</Platform>
[C# Project]   009:     <ProductVersion>10.0.20506</ProductVersion>
[C# Project] Writing /Users/hamiltongilbert/Documents/GitHub/GameProduction/Level Blocking Remake/Unity.ProBuilder.Stl.csproj because it has changed
[C# Project] First difference on line 5

[C# Project] Current /Users/hamiltongilbert/Documents/GitHub/GameProduction/Level Blocking Remake/Unity.ProBuilder.Stl.csproj:
[C# Project]   005:     <CscToolPath>/Users/hamiltongilbert/Documents/Unity/2020.3.18f1/Unity.app/Contents/Tools/RoslynScripts</CscToolPath>
[C# Project]   006:     <CscToolExe>unity_csc.sh</CscToolExe>
[C# Project]   007:   </PropertyGroup>
[C# Project]   008:   <PropertyGroup>
[C# Project]   009:     <Configuration Condition=" '$(Configuration)' == '' ">Debug</Configuration>

[C# Project] New /Users/hamiltongilbert/Documents/GitHub/GameProduction/Level Blocking Remake/Unity.ProBuilder.Stl.csproj:
[C# Project]   005:   </PropertyGroup>
[C# Project]   006:   <PropertyGroup>
[C# Project]   007:     <Configuration Condition=" '$(Configuration)' == '' ">Debug</Configuration>
[C# Project]   008:     <Platform Condition=" '$(Platform)' == '' ">AnyCPU</Platform>
[C# Project]   009:     <ProductVersion>10.0.20506</ProductVersion>
[C# Project] Writing /Users/hamiltongilbert/Documents/GitHub/GameProduction/Level Blocking Remake/UnityEditor.TestRunner.csproj because it has changed
[C# Project] First difference on line 5

[C# Project] Current /Users/hamiltongilbert/Documents/GitHub/GameProduction/Level Blocking Remake/UnityEditor.TestRunner.csproj:
[C# Project]   005:     <CscToolPath>/Users/hamiltongilbert/Documents/Unity/2020.3.18f1/Unity.app/Contents/Tools/RoslynScripts</CscToolPath>
[C# Project]   006:     <CscToolExe>unity_csc.sh</CscToolExe>
[C# Project]   007:   </PropertyGroup>
[C# Project]   008:   <PropertyGroup>
[C# Project]   009:     <Configuration Condition=" '$(Configuration)' == '' ">Debug</Configuration>

[C# Project] New /Users/hamiltongilbert/Documents/GitHub/GameProduction/Level Blocking Remake/UnityEditor.TestRunner.csproj:
[C# Project]   005:   </PropertyGroup>
[C# Project]   006:   <PropertyGroup>
[C# Project]   007:     <Configuration Condition=" '$(Configuration)' == '' ">Debug</Configuration>
[C# Project]   008:     <Platform Condition=" '$(Platform)' == '' ">AnyCPU</Platform>
[C# Project]   009:     <ProductVersion>10.0.20506</ProductVersion>
[C# Project] Writing /Users/hamiltongilbert/Documents/GitHub/GameProduction/Level Blocking Remake/Unity.ProBuilder.Editor.csproj because it has changed
[C# Project] First difference on line 5

[C# Project] Current /Users/hamiltongilbert/Documents/GitHub/GameProduction/Level Blocking Remake/Unity.ProBuilder.Editor.csproj:
[C# Project]   005:     <CscToolPath>/Users/hamiltongilbert/Documents/Unity/2020.3.18f1/Unity.app/Contents/Tools/RoslynScripts</CscToolPath>
[C# Project]   006:     <CscToolExe>unity_csc.sh</CscToolExe>
[C# Project]   007:   </PropertyGroup>
[C# Project]   008:   <PropertyGroup>
[C# Project]   009:     <Configuration Condition=" '$(Configuration)' == '' ">Debug</Configuration>

[C# Project] New /Users/hamiltongilbert/Documents/GitHub/GameProduction/Level Blocking Remake/Unity.ProBuilder.Editor.csproj:
[C# Project]   005:   </PropertyGroup>
[C# Project]   006:   <PropertyGroup>
[C# Project]   007:     <Configuration Condition=" '$(Configuration)' == '' ">Debug</Configuration>
[C# Project]   008:     <Platform Condition=" '$(Platform)' == '' ">AnyCPU</Platform>
[C# Project]   009:     <ProductVersion>10.0.20506</ProductVersion>
[C# Project] Writing /Users/hamiltongilbert/Documents/GitHub/GameProduction/Level Blocking Remake/Unity.PlasticSCM.Editor.csproj because it has changed
[C# Project] First difference on line 5

[C# Project] Current /Users/hamiltongilbert/Documents/GitHub/GameProduction/Level Blocking Remake/Unity.PlasticSCM.Editor.csproj:
[C# Project]   005:     <CscToolPath>/Users/hamiltongilbert/Documents/Unity/2020.3.18f1/Unity.app/Contents/Tools/RoslynScripts</CscToolPath>
[C# Project]   006:     <CscToolExe>unity_csc.sh</CscToolExe>
[C# Project]   007:   </PropertyGroup>
[C# Project]   008:   <PropertyGroup>
[C# Project]   009:     <Configuration Condition=" '$(Configuration)' == '' ">Debug</Configuration>

[C# Project] New /Users/hamiltongilbert/Documents/GitHub/GameProduction/Level Blocking Remake/Unity.PlasticSCM.Editor.csproj:
[C# Project]   005:   </PropertyGroup>
[C# Project]   006:   <PropertyGroup>
[C# Project]   007:     <Configuration Condition=" '$(Configuration)' == '' ">Debug</Configuration>
[C# Project]   008:     <Platform Condition=" '$(Platform)' == '' ">AnyCPU</Platform>
[C# Project]   009:     <ProductVersion>10.0.20506</ProductVersion>
[C# Project] Writing /Users/hamiltongilbert/Documents/GitHub/GameProduction/Level Blocking Remake/UnityEditor.UI.csproj because it has changed
[C# Project] First difference on line 5

[C# Project] Current /Users/hamiltongilbert/Documents/GitHub/GameProduction/Level Blocking Remake/UnityEditor.UI.csproj:
[C# Project]   005:     <CscToolPath>/Users/hamiltongilbert/Documents/Unity/2020.3.18f1/Unity.app/Contents/Tools/RoslynScripts</CscToolPath>
[C# Project]   006:     <CscToolExe>unity_csc.sh</CscToolExe>
[C# Project]   007:   </PropertyGroup>
[C# Project]   008:   <PropertyGroup>
[C# Project]   009:     <Configuration Condition=" '$(Configuration)' == '' ">Debug</Configuration>

[C# Project] New /Users/hamiltongilbert/Documents/GitHub/GameProduction/Level Blocking Remake/UnityEditor.UI.csproj:
[C# Project]   005:   </PropertyGroup>
[C# Project]   006:   <PropertyGroup>
[C# Project]   007:     <Configuration Condition=" '$(Configuration)' == '' ">Debug</Configuration>
[C# Project]   008:     <Platform Condition=" '$(Platform)' == '' ">AnyCPU</Platform>
[C# Project]   009:     <ProductVersion>10.0.20506</ProductVersion>
[C# Project] Writing /Users/hamiltongilbert/Documents/GitHub/GameProduction/Level Blocking Remake/Unity.Timeline.Editor.csproj because it has changed
[C# Project] First difference on line 5

[C# Project] Current /Users/hamiltongilbert/Documents/GitHub/GameProduction/Level Blocking Remake/Unity.Timeline.Editor.csproj:
[C# Project]   005:     <CscToolPath>/Users/hamiltongilbert/Documents/Unity/2020.3.18f1/Unity.app/Contents/Tools/RoslynScripts</CscToolPath>
[C# Project]   006:     <CscToolExe>unity_csc.sh</CscToolExe>
[C# Project]   007:   </PropertyGroup>
[C# Project]   008:   <PropertyGroup>
[C# Project]   009:     <Configuration Condition=" '$(Configuration)' == '' ">Debug</Configuration>

[C# Project] New /Users/hamiltongilbert/Documents/GitHub/GameProduction/Level Blocking Remake/Unity.Timeline.Editor.csproj:
[C# Project]   005:   </PropertyGroup>
[C# Project]   006:   <PropertyGroup>
[C# Project]   007:     <Configuration Condition=" '$(Configuration)' == '' ">Debug</Configuration>
[C# Project]   008:     <Platform Condition=" '$(Platform)' == '' ">AnyCPU</Platform>
[C# Project]   009:     <ProductVersion>10.0.20506</ProductVersion>
[C# Project] Writing /Users/hamiltongilbert/Documents/GitHub/GameProduction/Level Blocking Remake/Unity.VisualStudio.Editor.csproj because it has changed
[C# Project] First difference on line 5

[C# Project] Current /Users/hamiltongilbert/Documents/GitHub/GameProduction/Level Blocking Remake/Unity.VisualStudio.Editor.csproj:
[C# Project]   005:     <CscToolPath>/Users/hamiltongilbert/Documents/Unity/2020.3.18f1/Unity.app/Contents/Tools/RoslynScripts</CscToolPath>
[C# Project]   006:     <CscToolExe>unity_csc.sh</CscToolExe>
[C# Project]   007:   </PropertyGroup>
[C# Project]   008:   <PropertyGroup>
[C# Project]   009:     <Configuration Condition=" '$(Configuration)' == '' ">Debug</Configuration>

[C# Project] New /Users/hamiltongilbert/Documents/GitHub/GameProduction/Level Blocking Remake/Unity.VisualStudio.Editor.csproj:
[C# Project]   005:   </PropertyGroup>
[C# Project]   006:   <PropertyGroup>
[C# Project]   007:     <Configuration Condition=" '$(Configuration)' == '' ">Debug</Configuration>
[C# Project]   008:     <Platform Condition=" '$(Platform)' == '' ">AnyCPU</Platform>
[C# Project]   009:     <ProductVersion>10.0.20506</ProductVersion>
[C# Project] Writing /Users/hamiltongilbert/Documents/GitHub/GameProduction/Level Blocking Remake/Unity.TextMeshPro.Editor.csproj because it has changed
[C# Project] First difference on line 5

[C# Project] Current /Users/hamiltongilbert/Documents/GitHub/GameProduction/Level Blocking Remake/Unity.TextMeshPro.Editor.csproj:
[C# Project]   005:     <CscToolPath>/Users/hamiltongilbert/Documents/Unity/2020.3.18f1/Unity.app/Contents/Tools/RoslynScripts</CscToolPath>
[C# Project]   006:     <CscToolExe>unity_csc.sh</CscToolExe>
[C# Project]   007:   </PropertyGroup>
[C# Project]   008:   <PropertyGroup>
[C# Project]   009:     <Configuration Condition=" '$(Configuration)' == '' ">Debug</Configuration>

[C# Project] New /Users/hamiltongilbert/Documents/GitHub/GameProduction/Level Blocking Remake/Unity.TextMeshPro.Editor.csproj:
[C# Project]   005:   </PropertyGroup>
[C# Project]   006:   <PropertyGroup>
[C# Project]   007:     <Configuration Condition=" '$(Configuration)' == '' ">Debug</Configuration>
[C# Project]   008:     <Platform Condition=" '$(Platform)' == '' ">AnyCPU</Platform>
[C# Project]   009:     <ProductVersion>10.0.20506</ProductVersion>
[C# Project] Writing /Users/hamiltongilbert/Documents/GitHub/GameProduction/Level Blocking Remake/Unity.CollabProxy.Editor.csproj because it has changed
[C# Project] First difference on line 5

[C# Project] Current /Users/hamiltongilbert/Documents/GitHub/GameProduction/Level Blocking Remake/Unity.CollabProxy.Editor.csproj:
[C# Project]   005:     <CscToolPath>/Users/hamiltongilbert/Documents/Unity/2020.3.18f1/Unity.app/Contents/Tools/RoslynScripts</CscToolPath>
[C# Project]   006:     <CscToolExe>unity_csc.sh</CscToolExe>
[C# Project]   007:   </PropertyGroup>
[C# Project]   008:   <PropertyGroup>
[C# Project]   009:     <Configuration Condition=" '$(Configuration)' == '' ">Debug</Configuration>

[C# Project] New /Users/hamiltongilbert/Documents/GitHub/GameProduction/Level Blocking Remake/Unity.CollabProxy.Editor.csproj:
[C# Project]   005:   </PropertyGroup>
[C# Project]   006:   <PropertyGroup>
[C# Project]   007:     <Configuration Condition=" '$(Configuration)' == '' ">Debug</Configuration>
[C# Project]   008:     <Platform Condition=" '$(Platform)' == '' ">AnyCPU</Platform>
[C# Project]   009:     <ProductVersion>10.0.20506</ProductVersion>
[C# Project] Writing /Users/hamiltongilbert/Documents/GitHub/GameProduction/Level Blocking Remake/Unity.Rider.Editor.csproj because it has changed
[C# Project] First difference on line 5

[C# Project] Current /Users/hamiltongilbert/Documents/GitHub/GameProduction/Level Blocking Remake/Unity.Rider.Editor.csproj:
[C# Project]   005:     <CscToolPath>/Users/hamiltongilbert/Documents/Unity/2020.3.18f1/Unity.app/Contents/Tools/RoslynScripts</CscToolPath>
[C# Project]   006:     <CscToolExe>unity_csc.sh</CscToolExe>
[C# Project]   007:   </PropertyGroup>
[C# Project]   008:   <PropertyGroup>
[C# Project]   009:     <Configuration Condition=" '$(Configuration)' == '' ">Debug</Configuration>

[C# Project] New /Users/hamiltongilbert/Documents/GitHub/GameProduction/Level Blocking Remake/Unity.Rider.Editor.csproj:
[C# Project]   005:   </PropertyGroup>
[C# Project]   006:   <PropertyGroup>
[C# Project]   007:     <Configuration Condition=" '$(Configuration)' == '' ">Debug</Configuration>
[C# Project]   008:     <Platform Condition=" '$(Platform)' == '' ">AnyCPU</Platform>
[C# Project]   009:     <ProductVersion>10.0.20506</ProductVersion>
[C# Project] Writing /Users/hamiltongilbert/Documents/GitHub/GameProduction/Level Blocking Remake/Unity.ProGrids.Editor.csproj because it has changed
[C# Project] First difference on line 5

[C# Project] Current /Users/hamiltongilbert/Documents/GitHub/GameProduction/Level Blocking Remake/Unity.ProGrids.Editor.csproj:
[C# Project]   005:     <CscToolPath>/Users/hamiltongilbert/Documents/Unity/2020.3.18f1/Unity.app/Contents/Tools/RoslynScripts</CscToolPath>
[C# Project]   006:     <CscToolExe>unity_csc.sh</CscToolExe>
[C# Project]   007:   </PropertyGroup>
[C# Project]   008:   <PropertyGroup>
[C# Project]   009:     <Configuration Condition=" '$(Configuration)' == '' ">Debug</Configuration>

[C# Project] New /Users/hamiltongilbert/Documents/GitHub/GameProduction/Level Blocking Remake/Unity.ProGrids.Editor.csproj:
[C# Project]   005:   </PropertyGroup>
[C# Project]   006:   <PropertyGroup>
[C# Project]   007:     <Configuration Condition=" '$(Configuration)' == '' ">Debug</Configuration>
[C# Project]   008:     <Platform Condition=" '$(Platform)' == '' ">AnyCPU</Platform>
[C# Project]   009:     <ProductVersion>10.0.20506</ProductVersion>
[C# Project] Writing /Users/hamiltongilbert/Documents/GitHub/GameProduction/Level Blocking Remake/Unity.VSCode.Editor.csproj because it has changed
[C# Project] First difference on line 5

[C# Project] Current /Users/hamiltongilbert/Documents/GitHub/GameProduction/Level Blocking Remake/Unity.VSCode.Editor.csproj:
[C# Project]   005:     <CscToolPath>/Users/hamiltongilbert/Documents/Unity/2020.3.18f1/Unity.app/Contents/Tools/RoslynScripts</CscToolPath>
[C# Project]   006:     <CscToolExe>unity_csc.sh</CscToolExe>
[C# Project]   007:   </PropertyGroup>
[C# Project]   008:   <PropertyGroup>
[C# Project]   009:     <Configuration Condition=" '$(Configuration)' == '' ">Debug</Configuration>

[C# Project] New /Users/hamiltongilbert/Documents/GitHub/GameProduction/Level Blocking Remake/Unity.VSCode.Editor.csproj:
[C# Project]   005:   </PropertyGroup>
[C# Project]   006:   <PropertyGroup>
[C# Project]   007:     <Configuration Condition=" '$(Configuration)' == '' ">Debug</Configuration>
[C# Project]   008:     <Platform Condition=" '$(Platform)' == '' ">AnyCPU</Platform>
[C# Project]   009:     <ProductVersion>10.0.20506</ProductVersion>
[C# Project] Writing /Users/hamiltongilbert/Documents/GitHub/GameProduction/Level Blocking Remake/Unity.ProBuilder.AssetIdRemapUtility.csproj because it has changed
[C# Project] First difference on line 5

[C# Project] Current /Users/hamiltongilbert/Documents/GitHub/GameProduction/Level Blocking Remake/Unity.ProBuilder.AssetIdRemapUtility.csproj:
[C# Project]   005:     <CscToolPath>/Users/hamiltongilbert/Documents/Unity/2020.3.18f1/Unity.app/Contents/Tools/RoslynScripts</CscToolPath>
[C# Project]   006:     <CscToolExe>unity_csc.sh</CscToolExe>
[C# Project]   007:   </PropertyGroup>
[C# Project]   008:   <PropertyGroup>
[C# Project]   009:     <Configuration Condition=" '$(Configuration)' == '' ">Debug</Configuration>

[C# Project] New /Users/hamiltongilbert/Documents/GitHub/GameProduction/Level Blocking Remake/Unity.ProBuilder.AssetIdRemapUtility.csproj:
[C# Project]   005:   </PropertyGroup>
[C# Project]   006:   <PropertyGroup>
[C# Project]   007:     <Configuration Condition=" '$(Configuration)' == '' ">Debug</Configuration>
[C# Project]   008:     <Platform Condition=" '$(Platform)' == '' ">AnyCPU</Platform>
[C# Project]   009:     <ProductVersion>10.0.20506</ProductVersion>
[C# Project] Writing /Users/hamiltongilbert/Documents/GitHub/GameProduction/Level Blocking Remake/Unity.Settings.Editor.csproj because it has changed
[C# Project] First difference on line 5

[C# Project] Current /Users/hamiltongilbert/Documents/GitHub/GameProduction/Level Blocking Remake/Unity.Settings.Editor.csproj:
[C# Project]   005:     <CscToolPath>/Users/hamiltongilbert/Documents/Unity/2020.3.18f1/Unity.app/Contents/Tools/RoslynScripts</CscToolPath>
[C# Project]   006:     <CscToolExe>unity_csc.sh</CscToolExe>
[C# Project]   007:   </PropertyGroup>
[C# Project]   008:   <PropertyGroup>
[C# Project]   009:     <Configuration Condition=" '$(Configuration)' == '' ">Debug</Configuration>

[C# Project] New /Users/hamiltongilbert/Documents/GitHub/GameProduction/Level Blocking Remake/Unity.Settings.Editor.csproj:
[C# Project]   005:   </PropertyGroup>
[C# Project]   006:   <PropertyGroup>
[C# Project]   007:     <Configuration Condition=" '$(Configuration)' == '' ">Debug</Configuration>
[C# Project]   008:     <Platform Condition=" '$(Platform)' == '' ">AnyCPU</Platform>
[C# Project]   009:     <ProductVersion>10.0.20506</ProductVersion>
[C# Project] Writing /Users/hamiltongilbert/Documents/GitHub/GameProduction/Level Blocking Remake/Assembly-CSharp-Editor.csproj because it has changed
[C# Project] First difference on line 5

[C# Project] Current /Users/hamiltongilbert/Documents/GitHub/GameProduction/Level Blocking Remake/Assembly-CSharp-Editor.csproj:
[C# Project]   005:     <CscToolPath>/Users/hamiltongilbert/Documents/Unity/2020.3.18f1/Unity.app/Contents/Tools/RoslynScripts</CscToolPath>
[C# Project]   006:     <CscToolExe>unity_csc.sh</CscToolExe>
[C# Project]   007:   </PropertyGroup>
[C# Project]   008:   <PropertyGroup>
[C# Project]   009:     <Configuration Condition=" '$(Configuration)' == '' ">Debug</Configuration>

[C# Project] New /Users/hamiltongilbert/Documents/GitHub/GameProduction/Level Blocking Remake/Assembly-CSharp-Editor.csproj:
[C# Project]   005:   </PropertyGroup>
[C# Project]   006:   <PropertyGroup>
[C# Project]   007:     <Configuration Condition=" '$(Configuration)' == '' ">Debug</Configuration>
[C# Project]   008:     <Platform Condition=" '$(Platform)' == '' ">AnyCPU</Platform>
[C# Project]   009:     <ProductVersion>10.0.20506</ProductVersion>
[C# Project] Writing /Users/hamiltongilbert/Documents/GitHub/GameProduction/Level Blocking Remake/Unity.ProBuilder.AddOns.Editor.csproj because it has changed
[C# Project] First difference on line 5

[C# Project] Current /Users/hamiltongilbert/Documents/GitHub/GameProduction/Level Blocking Remake/Unity.ProBuilder.AddOns.Editor.csproj:
[C# Project]   005:     <CscToolPath>/Users/hamiltongilbert/Documents/Unity/2020.3.18f1/Unity.app/Contents/Tools/RoslynScripts</CscToolPath>
[C# Project]   006:     <CscToolExe>unity_csc.sh</CscToolExe>
[C# Project]   007:   </PropertyGroup>
[C# Project]   008:   <PropertyGroup>
[C# Project]   009:     <Configuration Condition=" '$(Configuration)' == '' ">Debug</Configuration>

[C# Project] New /Users/hamiltongilbert/Documents/GitHub/GameProduction/Level Blocking Remake/Unity.ProBuilder.AddOns.Editor.csproj:
[C# Project]   005:   </PropertyGroup>
[C# Project]   006:   <PropertyGroup>
[C# Project]   007:     <Configuration Condition=" '$(Configuration)' == '' ">Debug</Configuration>
[C# Project]   008:     <Platform Condition=" '$(Platform)' == '' ">AnyCPU</Platform>
[C# Project]   009:     <ProductVersion>10.0.20506</ProductVersion>
2022-01-28 11:47:33.720 Unity[7217:275396] NSEventModifierFlagFunction specified to -setKeyEquivalentModifierMask: for item <NSMenuItem: 0x600002daf5d0 Font Asset, ke='Command-F12'>, but is only supported for system-provided menu items; will not be used
2022-01-28 11:47:33.732 Unity[7217:275396] NSEventModifierFlagFunction specified to -setKeyEquivalentModifierMask: for item <NSMenuItem: 0x600002daabc0 Font Asset, ke='Command-F12'>, but is only supported for system-provided menu items; will not be used
========================================================================
Worker process is ready to serve import requests
Refreshing native plugins compatible for Editor in 0.87 ms, found 2 plugins.
Preloading 0 native plugins for Editor in 0.00 ms.
Unloading 1805 Unused Serialized files (Serialized files now loaded: 0)
System memory in use before: 187.2 MB.
System memory in use after: 186.2 MB.

Unloading 95 unused Assets to reduce memory usage. Loaded Objects now: 2280.
Total: 8.295862 ms (FindLiveObjects: 0.256067 ms CreateObjectMapping: 0.095771 ms MarkObjects: 6.689524 ms  DeleteObjects: 1.251835 ms)

AssetImportParameters requested are different than current active one (requested -> active):
  custom:video-decoder-ogg-theora: a1e56fd34408186e4bbccfd4996cb3dc -> 
  custom:container-muxer-webm: aa71ff27fc2769a1b78a27578f13a17b -> 
  custom:container-demuxer-webm: 4f35f7cbe854078d1ac9338744f61a02 -> 
  custom:container-demuxer-ogg: 62fdf1f143b41e24485cea50d1cbac27 -> 
  custom:video-encoder-webm-vp8: eb34c28f22e8b96e1ab97ce403110664 -> 
  custom:framework-osx-AVFoundation: e770b220cccbd017edd2c1fefb359320 -> 
  custom:video-decoder-webm-vp8: 9c59270c3fd7afecdb556c50c9e8de78 -> 
  custom:audio-decoder-ogg-vorbis: bf7c407c2cedff20999df2af8eb42d56 -> 
  custom:audio-encoder-webm-vorbis: bf7c407c2cedff20999df2af8eb42d56 -> 
========================================================================
Received Import Request.
  path: Assets/Invector-3rdPersonController_LITE/Prefabs/vThirdPersonCamera_LITE.prefab
  artifactKey: Guid(330efb0e9eed825408809c121441b8a5) Importer(815301076,1909f56bfc062723c751e8b465ee728b)
Start importing Assets/Invector-3rdPersonController_LITE/Prefabs/vThirdPersonCamera_LITE.prefab using Guid(330efb0e9eed825408809c121441b8a5) Importer(815301076,1909f56bfc062723c751e8b465ee728b)  -> (artifact id: '30cc27cb597fe30721f4d02d0aa11cb3') in 1.465611 seconds 
  Import took 1.471216 seconds .

========================================================================
Received Import Request.
  Time since last request: 0.002907 seconds.
  path: Assets/Invector-3rdPersonController_LITE/Prefabs/ThirdPersonController_LITE.prefab
  artifactKey: Guid(fc9b148a2950aaf4cba8422632222c5d) Importer(815301076,1909f56bfc062723c751e8b465ee728b)
Start importing Assets/Invector-3rdPersonController_LITE/Prefabs/ThirdPersonController_LITE.prefab using Guid(fc9b148a2950aaf4cba8422632222c5d) Importer(815301076,1909f56bfc062723c751e8b465ee728b)  -> (artifact id: 'f638f905aa46af37e936d24667e04fb3') in 1.170292 seconds 
  Import took 1.185057 seconds .

========================================================================
Received Import Request.
  Time since last request: 0.000511 seconds.
  path: Assets/Invector-3rdPersonController_LITE
  artifactKey: Guid(b853aef0f53574880a96c8538c8bcdef) Importer(815301076,1909f56bfc062723c751e8b465ee728b)
Start importing Assets/Invector-3rdPersonController_LITE using Guid(b853aef0f53574880a96c8538c8bcdef) Importer(815301076,1909f56bfc062723c751e8b465ee728b)  -> (artifact id: 'e9ef7126d5d406c0ba9b405dd549867e') in 0.002065 seconds 
  Import took 0.007139 seconds .

========================================================================
Received Prepare
Registering precompiled user dll's ...
Registered in 0.001486 seconds.
Begin MonoManager ReloadAssembly
Native extension for WindowsStandalone target not found
Native extension for OSXStandalone target not found
Native extension for WebGL target not found
Refreshing native plugins compatible for Editor in 0.49 ms, found 2 plugins.
Preloading 0 native plugins for Editor in 0.00 ms.
2022-01-28 11:52:06.622 Unity[7217:275396] NSEventModifierFlagFunction specified to -setKeyEquivalentModifierMask: for item <NSMenuItem: 0x600002dab410 Font Asset, ke='Command-F12'>, but is only supported for system-provided menu items; will not be used
Mono: successfully reloaded assembly
- Completed reload, in  1.647 seconds
Domain Reload Profiling:
	ReloadAssembly (1648ms)
		BeginReloadAssembly (137ms)
			ExecutionOrderSort (0ms)
			DisableScriptedObjects (6ms)
			BackupInstance (0ms)
			ReleaseScriptingObjects (0ms)
			CreateAndSetChildDomain (57ms)
		EndReloadAssembly (1432ms)
			LoadAssemblies (95ms)
			RebuildTransferFunctionScriptingTraits (0ms)
			SetupTypeCache (674ms)
			ReleaseScriptCaches (1ms)
			RebuildScriptCaches (59ms)
			SetupLoadedEditorAssemblies (462ms)
				LogAssemblyErrors (0ms)
				InitializePlatformSupportModulesInManaged (11ms)
				SetLoadedEditorAssemblies (1ms)
				RefreshPlugins (1ms)
				BeforeProcessingInitializeOnLoad (158ms)
				ProcessInitializeOnLoadAttributes (287ms)
				ProcessInitializeOnLoadMethodAttributes (4ms)
				AfterProcessingInitializeOnLoad (1ms)
				EditorAssembliesLoaded (0ms)
			ExecutionOrderSort2 (0ms)
			AwakeInstancesAfterBackupRestoration (8ms)
Platform modules already initialized, skipping
Refreshing native plugins compatible for Editor in 0.44 ms, found 2 plugins.
Preloading 0 native plugins for Editor in 0.00 ms.
Unloading 1777 Unused Serialized files (Serialized files now loaded: 0)
System memory in use before: 199.7 MB.
System memory in use after: 199.7 MB.

Unloading 15 unused Assets to reduce memory usage. Loaded Objects now: 2290.
Total: 2.844730 ms (FindLiveObjects: 0.169081 ms CreateObjectMapping: 0.057654 ms MarkObjects: 2.531587 ms  DeleteObjects: 0.085354 ms)

AssetImportParameters requested are different than current active one (requested -> active):
  custom:video-decoder-ogg-theora: a1e56fd34408186e4bbccfd4996cb3dc -> 
  custom:container-muxer-webm: aa71ff27fc2769a1b78a27578f13a17b -> 
  custom:container-demuxer-webm: 4f35f7cbe854078d1ac9338744f61a02 -> 
  custom:container-demuxer-ogg: 62fdf1f143b41e24485cea50d1cbac27 -> 
  custom:video-encoder-webm-vp8: eb34c28f22e8b96e1ab97ce403110664 -> 
  custom:framework-osx-AVFoundation: e770b220cccbd017edd2c1fefb359320 -> 
  custom:video-decoder-webm-vp8: 9c59270c3fd7afecdb556c50c9e8de78 -> 
  custom:audio-decoder-ogg-vorbis: bf7c407c2cedff20999df2af8eb42d56 -> 
  custom:audio-encoder-webm-vorbis: bf7c407c2cedff20999df2af8eb42d56 -> 
AssetImportWorkerClient::OnTransportError - code=2 error=End of file
